Release 14.7 - xst P.20131013 (nt64)
Copyright (c) 1995-2013 Xilinx, Inc.  All rights reserved.
--> Parameter TMPDIR set to xst/projnav.tmp


Total REAL time to Xst completion: 0.00 secs
Total CPU time to Xst completion: 0.16 secs
 
--> Parameter xsthdpdir set to xst


Total REAL time to Xst completion: 0.00 secs
Total CPU time to Xst completion: 0.17 secs
 
--> Reading design: Reloj_1000Hz.prj

TABLE OF CONTENTS
  1) Synthesis Options Summary
  2) HDL Parsing
  3) HDL Elaboration
  4) HDL Synthesis
       4.1) HDL Synthesis Report
  5) Advanced HDL Synthesis
       5.1) Advanced HDL Synthesis Report
  6) Low Level Synthesis
  7) Partition Report
  8) Design Summary
       8.1) Primitive and Black Box Usage
       8.2) Device utilization summary
       8.3) Partition Resource Summary
       8.4) Timing Report
            8.4.1) Clock Information
            8.4.2) Asynchronous Control Signals Information
            8.4.3) Timing Summary
            8.4.4) Timing Details
            8.4.5) Cross Clock Domains Report


=========================================================================
*                      Synthesis Options Summary                        *
=========================================================================
---- Source Parameters
Input File Name                    : "Reloj_1000Hz.prj"
Ignore Synthesis Constraint File   : NO

---- Target Parameters
Output File Name                   : "Reloj_1000Hz"
Output Format                      : NGC
Target Device                      : xc6slx9-2-ftg256

---- Source Options
Top Module Name                    : Reloj_1000Hz
Automatic FSM Extraction           : YES
FSM Encoding Algorithm             : Auto
Safe Implementation                : No
FSM Style                          : LUT
RAM Extraction                     : Yes
RAM Style                          : Auto
ROM Extraction                     : Yes
Shift Register Extraction          : YES
ROM Style                          : Auto
Resource Sharing                   : YES
Asynchronous To Synchronous        : NO
Shift Register Minimum Size        : 2
Use DSP Block                      : Auto
Automatic Register Balancing       : No

---- Target Options
LUT Combining                      : Auto
Reduce Control Sets                : Auto
Add IO Buffers                     : YES
Global Maximum Fanout              : 100000
Add Generic Clock Buffer(BUFG)     : 16
Register Duplication               : YES
Optimize Instantiated Primitives   : NO
Use Clock Enable                   : Auto
Use Synchronous Set                : Auto
Use Synchronous Reset              : Auto
Pack IO Registers into IOBs        : Auto
Equivalent register Removal        : YES

---- General Options
Optimization Goal                  : Speed
Optimization Effort                : 1
Power Reduction                    : NO
Keep Hierarchy                     : No
Netlist Hierarchy                  : As_Optimized
RTL Output                         : Yes
Global Optimization                : AllClockNets
Read Cores                         : YES
Write Timing Constraints           : NO
Cross Clock Analysis               : NO
Hierarchy Separator                : /
Bus Delimiter                      : <>
Case Specifier                     : Maintain
Slice Utilization Ratio            : 100
BRAM Utilization Ratio             : 100
DSP48 Utilization Ratio            : 100
Auto BRAM Packing                  : NO
Slice Utilization Ratio Delta      : 5

=========================================================================


=========================================================================
*                          HDL Parsing                                  *
=========================================================================
Analyzing Verilog file "\\vboxsvr\compartir\Reloj_1000Hz\Reloj_1000Hz.v" into library work
Parsing module <Reloj_1000Hz>.

=========================================================================
*                            HDL Elaboration                            *
=========================================================================

Elaborating module <Reloj_1000Hz>.

=========================================================================
*                           HDL Synthesis                               *
=========================================================================

Synthesizing Unit <Reloj_1000Hz>.
    Related source file is "\\vboxsvr\compartir\Reloj_1000Hz\Reloj_1000Hz.v".
    Found 1-bit register for signal <CLK_1HZ>.
    Found 27-bit register for signal <count>.
    Found 27-bit adder for signal <count[26]_GND_1_o_add_2_OUT> created at line 19.
    Found 27-bit comparator lessequal for signal <n0000> created at line 14
    Summary:
	inferred   1 Adder/Subtractor(s).
	inferred  28 D-type flip-flop(s).
	inferred   1 Comparator(s).
Unit <Reloj_1000Hz> synthesized.

=========================================================================
HDL Synthesis Report

Macro Statistics
# Adders/Subtractors                                   : 1
 27-bit adder                                          : 1
# Registers                                            : 2
 1-bit register                                        : 1
 27-bit register                                       : 1
# Comparators                                          : 1
 27-bit comparator lessequal                           : 1

=========================================================================

=========================================================================
*                       Advanced HDL Synthesis                          *
=========================================================================


Synthesizing (advanced) Unit <Reloj_1000Hz>.
The following registers are absorbed into counter <count>: 1 register on signal <count>.
Unit <Reloj_1000Hz> synthesized (advanced).

=========================================================================
Advanced HDL Synthesis Report

Macro Statistics
# Counters                                             : 1
 27-bit up counter                                     : 1
# Registers                                            : 1
 Flip-Flops                                            : 1
# Comparators                                          : 1
 27-bit comparator lessequal                           : 1

=========================================================================

=========================================================================
*                         Low Level Synthesis                           *
=========================================================================

Optimizing unit <Reloj_1000Hz> ...
WARNING:Xst:1710 - FF/Latch <count_25> (without init value) has a constant value of 0 in block <Reloj_1000Hz>. This FF/Latch will be trimmed during the optimization process.
WARNING:Xst:1895 - Due to other FF/Latch trimming, FF/Latch <count_26> (without init value) has a constant value of 0 in block <Reloj_1000Hz>. This FF/Latch will be trimmed during the optimization process.

Mapping all equations...
Building and optimizing final netlist ...
Found area constraint ratio of 100 (+ 5) on block Reloj_1000Hz, actual ratio is 0.

Final Macro Processing ...

=========================================================================
Final Register Report

Macro Statistics
# Registers                                            : 26
 Flip-Flops                                            : 26

=========================================================================

=========================================================================
*                           Partition Report                            *
=========================================================================

Partition Implementation Status
-------------------------------

  No Partitions were found in this design.

-------------------------------

=========================================================================
*                            Design Summary                             *
=========================================================================

Top Level Output File Name         : Reloj_1000Hz.ngc

Primitive and Black Box Usage:
------------------------------
# BELS                             : 111
#      GND                         : 1
#      INV                         : 2
#      LUT1                        : 24
#      LUT3                        : 23
#      LUT5                        : 5
#      MUXCY                       : 30
#      VCC                         : 1
#      XORCY                       : 25
# FlipFlops/Latches                : 26
#      FD                          : 21
#      FDR                         : 5
# Clock Buffers                    : 1
#      BUFGP                       : 1
# IO Buffers                       : 10
#      IBUF                        : 1
#      OBUF                        : 9

Device utilization summary:
---------------------------

Selected Device : 6slx9ftg256-2 


Slice Logic Utilization: 
 Number of Slice Registers:              26  out of  11440     0%  
 Number of Slice LUTs:                   54  out of   5720     0%  
    Number used as Logic:                54  out of   5720     0%  

Slice Logic Distribution: 
 Number of LUT Flip Flop pairs used:     54
   Number with an unused Flip Flop:      28  out of     54    51%  
   Number with an unused LUT:             0  out of     54     0%  
   Number of fully used LUT-FF pairs:    26  out of     54    48%  
   Number of unique control sets:         2

IO Utilization: 
 Number of IOs:                          11
 Number of bonded IOBs:                  11  out of    186     5%  

Specific Feature Utilization:
 Number of BUFG/BUFGCTRLs:                1  out of     16     6%  

---------------------------
Partition Resource Summary:
---------------------------

  No Partitions were found in this design.

---------------------------


=========================================================================
Timing Report

NOTE: THESE TIMING NUMBERS ARE ONLY A SYNTHESIS ESTIMATE.
      FOR ACCURATE TIMING INFORMATION PLEASE REFER TO THE TRACE REPORT
      GENERATED AFTER PLACE-and-ROUTE.

Clock Information:
------------------
-----------------------------------+------------------------+-------+
Clock Signal                       | Clock buffer(FF name)  | Load  |
-----------------------------------+------------------------+-------+
CLK_100MHZ                         | BUFGP                  | 26    |
-----------------------------------+------------------------+-------+

Asynchronous Control Signals Information:
----------------------------------------
No asynchronous control signals found in this design

Timing Summary:
---------------
Speed Grade: -2

   Minimum period: 3.905ns (Maximum Frequency: 256.082MHz)
   Minimum input arrival time before clock: 4.669ns
   Maximum output required time after clock: 4.162ns
   Maximum combinational path delay: No path found

Timing Details:
---------------
All values displayed in nanoseconds (ns)

=========================================================================
Timing constraint: Default period analysis for Clock 'CLK_100MHZ'
  Clock period: 3.905ns (frequency: 256.082MHz)
  Total number of paths / destination ports: 1106 / 31
-------------------------------------------------------------------------
Delay:               3.905ns (Levels of Logic = 7)
  Source:            count_6 (FF)
  Destination:       count_0 (FF)
  Source Clock:      CLK_100MHZ rising
  Destination Clock: CLK_100MHZ rising

  Data Path: count_6 to count_0
                                Gate     Net
    Cell:in->out      fanout   Delay   Delay  Logical Name (Net Name)
    ----------------------------------------  ------------
     FD:C->Q               2   0.525   1.156  count_6 (count_6)
     LUT5:I0->O            1   0.254   0.000  Mcompar_GND_1_o_count[26]_LessThan_2_o_lut<0> (Mcompar_GND_1_o_count[26]_LessThan_2_o_lut<0>)
     MUXCY:S->O            1   0.215   0.000  Mcompar_GND_1_o_count[26]_LessThan_2_o_cy<0> (Mcompar_GND_1_o_count[26]_LessThan_2_o_cy<0>)
     MUXCY:CI->O           1   0.023   0.000  Mcompar_GND_1_o_count[26]_LessThan_2_o_cy<1> (Mcompar_GND_1_o_count[26]_LessThan_2_o_cy<1>)
     MUXCY:CI->O           1   0.023   0.000  Mcompar_GND_1_o_count[26]_LessThan_2_o_cy<2> (Mcompar_GND_1_o_count[26]_LessThan_2_o_cy<2>)
     MUXCY:CI->O           1   0.023   0.000  Mcompar_GND_1_o_count[26]_LessThan_2_o_cy<3> (Mcompar_GND_1_o_count[26]_LessThan_2_o_cy<3>)
     MUXCY:CI->O          22   0.023   1.334  Mcompar_GND_1_o_count[26]_LessThan_2_o_cy<4> (GND_1_o_count[26]_LessThan_2_o)
     LUT3:I2->O            1   0.254   0.000  count_0_rstpot (count_0_rstpot)
     FD:D                      0.074          count_0
    ----------------------------------------
    Total                      3.905ns (1.415ns logic, 2.490ns route)
                                       (36.2% logic, 63.8% route)

=========================================================================
Timing constraint: Default OFFSET IN BEFORE for Clock 'CLK_100MHZ'
  Total number of paths / destination ports: 26 / 26
-------------------------------------------------------------------------
Offset:              4.669ns (Levels of Logic = 3)
  Source:            RST (PAD)
  Destination:       count_20 (FF)
  Destination Clock: CLK_100MHZ rising

  Data Path: RST to count_20
                                Gate     Net
    Cell:in->out      fanout   Delay   Delay  Logical Name (Net Name)
    ----------------------------------------  ------------
     IBUF:I->O            22   1.328   1.333  RST_IBUF (RST_IBUF)
     INV:I->O              1   0.255   0.000  RST_GND_1_o_OR_1_o1_lut_INV_0 (RST_GND_1_o_OR_1_o1_lut)
     MUXCY:S->O            5   0.454   0.840  RST_GND_1_o_OR_1_o1_cy (RST_GND_1_o_OR_1_o)
     FDR:R                     0.459          count_20
    ----------------------------------------
    Total                      4.669ns (2.496ns logic, 2.173ns route)
                                       (53.5% logic, 46.5% route)

=========================================================================
Timing constraint: Default OFFSET OUT AFTER for Clock 'CLK_100MHZ'
  Total number of paths / destination ports: 1 / 1
-------------------------------------------------------------------------
Offset:              4.162ns (Levels of Logic = 1)
  Source:            CLK_1HZ (FF)
  Destination:       CLK_1HZ (PAD)
  Source Clock:      CLK_100MHZ rising

  Data Path: CLK_1HZ to CLK_1HZ
                                Gate     Net
    Cell:in->out      fanout   Delay   Delay  Logical Name (Net Name)
    ----------------------------------------  ------------
     FD:C->Q               2   0.525   0.725  CLK_1HZ (CLK_1HZ_OBUF)
     OBUF:I->O                 2.912          CLK_1HZ_OBUF (CLK_1HZ)
    ----------------------------------------
    Total                      4.162ns (3.437ns logic, 0.725ns route)
                                       (82.6% logic, 17.4% route)

=========================================================================

Cross Clock Domains Report:
--------------------------

Clock to Setup on destination clock CLK_100MHZ
---------------+---------+---------+---------+---------+
               | Src:Rise| Src:Fall| Src:Rise| Src:Fall|
Source Clock   |Dest:Rise|Dest:Rise|Dest:Fall|Dest:Fall|
---------------+---------+---------+---------+---------+
CLK_100MHZ     |    3.905|         |         |         |
---------------+---------+---------+---------+---------+

=========================================================================


Total REAL time to Xst completion: 5.00 secs
Total CPU time to Xst completion: 5.03 secs
 
--> 

Total memory usage is 257244 kilobytes

Number of errors   :    0 (   0 filtered)
Number of warnings :    2 (   0 filtered)
Number of infos    :    0 (   0 filtered)

