--------------------------------------------------------------------------------
Release 14.7 Trace  (nt64)
Copyright (c) 1995-2013 Xilinx, Inc.  All rights reserved.

C:\Xilinx\14.7\ISE_DS\ISE\bin\nt64\unwrapped\trce.exe -intstyle ise -v 3 -s 2
-n 3 -fastpaths -xml binario_a_gray_8bit_con_acarreo.twx
binario_a_gray_8bit_con_acarreo.ncd -o binario_a_gray_8bit_con_acarreo.twr
binario_a_gray_8bit_con_acarreo.pcf -ucf pines.ucf

Design file:              binario_a_gray_8bit_con_acarreo.ncd
Physical constraint file: binario_a_gray_8bit_con_acarreo.pcf
Device,package,speed:     xc6slx9,ftg256,C,-2 (PRODUCTION 1.23 2013-10-13)
Report level:             verbose report

Environment Variable      Effect 
--------------------      ------ 
NONE                      No environment variables were set
--------------------------------------------------------------------------------

INFO:Timing:2698 - No timing constraints found, doing default enumeration.
INFO:Timing:3412 - To improve timing, see the Timing Closure User Guide (UG612).
INFO:Timing:2752 - To get complete path coverage, use the unconstrained paths 
   option. All paths that are not constrained will be reported in the 
   unconstrained paths section(s) of the report.
INFO:Timing:3339 - The clock-to-out numbers in this timing report are based on 
   a 50 Ohm transmission line loading model.  For the details of this model, 
   and for more information on accounting for different loading conditions, 
   please see the device datasheet.



Data Sheet report:
-----------------
All values displayed in nanoseconds (ns)

Pad to Pad
---------------+---------------+---------+
Source Pad     |Destination Pad|  Delay  |
---------------+---------------+---------+
binario<0>     |gray<0>        |    8.564|
binario<1>     |gray<0>        |    9.488|
binario<1>     |gray<1>        |    8.966|
binario<2>     |gray<1>        |    9.016|
binario<2>     |gray<2>        |    8.668|
binario<3>     |gray<2>        |    9.621|
binario<3>     |gray<3>        |    8.016|
binario<4>     |gray<4>        |    9.245|
binario<5>     |gray<4>        |    9.186|
binario<5>     |gray<5>        |    8.246|
binario<6>     |gray<5>        |    9.193|
binario<6>     |gray<6>        |    8.901|
binario<7>     |gray<6>        |    9.058|
binario<7>     |gray<7>        |    7.444|
---------------+---------------+---------+


Analysis completed Tue Apr 04 17:24:20 2023 
--------------------------------------------------------------------------------

Trace Settings:
-------------------------
Trace Settings 

Peak Memory Usage: 211 MB



