Release 14.7 Map P.20131013 (nt64)
Xilinx Mapping Report File for Design 'binario_a_gray_8bits'

Design Information
------------------
Command Line   : map -intstyle ise -p xc6slx9-ftg256-2 -w -logic_opt off -ol
high -t 1 -xt 0 -register_duplication off -r 4 -global_opt off -mt off -ir off
-pr off -lc off -power off -o binario_a_gray_8bits_map.ncd
binario_a_gray_8bits.ngd binario_a_gray_8bits.pcf 
Target Device  : xc6slx9
Target Package : ftg256
Target Speed   : -2
Mapper Version : spartan6 -- $Revision: 1.55 $
Mapped Date    : Sat Apr 01 09:45:13 2023

Design Summary
--------------
Number of errors:      0
Number of warnings:    8
Slice Logic Utilization:
  Number of Slice Registers:                     0 out of  11,440    0%
  Number of Slice LUTs:                          0 out of   5,720    0%

Slice Logic Distribution:
  Number of occupied Slices:                     0 out of   1,430    0%
  Number of MUXCYs used:                         0 out of   2,860    0%
  Number of LUT Flip Flop pairs used:            0

IO Utilization:
  Number of bonded IOBs:                        16 out of     186    8%
    Number of LOCed IOBs:                       16 out of      16  100%

Specific Feature Utilization:
  Number of RAMB16BWERs:                         0 out of      32    0%
  Number of RAMB8BWERs:                          0 out of      64    0%
  Number of BUFIO2/BUFIO2_2CLKs:                 0 out of      32    0%
  Number of BUFIO2FB/BUFIO2FB_2CLKs:             0 out of      32    0%
  Number of BUFG/BUFGMUXs:                       0 out of      16    0%
  Number of DCM/DCM_CLKGENs:                     0 out of       4    0%
  Number of ILOGIC2/ISERDES2s:                   0 out of     200    0%
  Number of IODELAY2/IODRP2/IODRP2_MCBs:         0 out of     200    0%
  Number of OLOGIC2/OSERDES2s:                   0 out of     200    0%
  Number of BSCANs:                              0 out of       4    0%
  Number of BUFHs:                               0 out of     128    0%
  Number of BUFPLLs:                             0 out of       8    0%
  Number of BUFPLL_MCBs:                         0 out of       4    0%
  Number of DSP48A1s:                            0 out of      16    0%
  Number of ICAPs:                               0 out of       1    0%
  Number of MCBs:                                0 out of       2    0%
  Number of PCILOGICSEs:                         0 out of       2    0%
  Number of PLL_ADVs:                            0 out of       2    0%
  Number of PMVs:                                0 out of       1    0%
  Number of STARTUPs:                            0 out of       1    0%
  Number of SUSPEND_SYNCs:                       0 out of       1    0%

Average Fanout of Non-Clock Nets:                0.00

Peak Memory Usage:  334 MB
Total REAL time to MAP completion:  3 secs 
Total CPU time to MAP completion:   2 secs 

Table of Contents
-----------------
Section 1 - Errors
Section 2 - Warnings
Section 3 - Informational
Section 4 - Removed Logic Summary
Section 5 - Removed Logic
Section 6 - IOB Properties
Section 7 - RPMs
Section 8 - Guide Report
Section 9 - Area Group and Partition Summary
Section 10 - Timing Report
Section 11 - Configuration String Information
Section 12 - Control Set Information
Section 13 - Utilization by Hierarchy

Section 1 - Errors
------------------

Section 2 - Warnings
--------------------
WARNING:PhysDesignRules:368 - The signal <gray<0>_OBUF> is incomplete. The
   signal is not driven by any source pin in the design.
WARNING:PhysDesignRules:368 - The signal <gray<1>_OBUF> is incomplete. The
   signal is not driven by any source pin in the design.
WARNING:PhysDesignRules:368 - The signal <gray<2>_OBUF> is incomplete. The
   signal is not driven by any source pin in the design.
WARNING:PhysDesignRules:368 - The signal <gray<3>_OBUF> is incomplete. The
   signal is not driven by any source pin in the design.
WARNING:PhysDesignRules:368 - The signal <gray<4>_OBUF> is incomplete. The
   signal is not driven by any source pin in the design.
WARNING:PhysDesignRules:368 - The signal <gray<5>_OBUF> is incomplete. The
   signal is not driven by any source pin in the design.
WARNING:PhysDesignRules:368 - The signal <gray<6>_OBUF> is incomplete. The
   signal is not driven by any source pin in the design.
WARNING:PhysDesignRules:368 - The signal <gray<7>_OBUF> is incomplete. The
   signal is not driven by any source pin in the design.

Section 3 - Informational
-------------------------
INFO:LIT:243 - Logical network binario<7>_IBUF has no load.
INFO:LIT:395 - The above info message is repeated 7 more times for the following
   (max. 5 shown):
   binario<6>_IBUF,
   binario<5>_IBUF,
   binario<4>_IBUF,
   binario<3>_IBUF,
   binario<2>_IBUF
   To see the details of these info messages, please use the -detail switch.
INFO:MapLib:562 - No environment variables are currently set.
INFO:LIT:244 - All of the single ended outputs in this design are using slew
   rate limited output drivers. The delay on speed critical single ended outputs
   can be dramatically reduced by designating them as fast outputs.
INFO:Pack:1716 - Initializing temperature to 85.000 Celsius. (default - Range:
   0.000 to 85.000 Celsius)
INFO:Pack:1720 - Initializing voltage to 1.140 Volts. (default - Range: 1.140 to
   1.260 Volts)
INFO:Map:215 - The Interim Design Summary has been generated in the MAP Report
   (.mrp).
INFO:Pack:1650 - Map created a placed design.

Section 4 - Removed Logic Summary
---------------------------------

Section 5 - Removed Logic
-------------------------

Section 6 - IOB Properties
--------------------------

+---------------------------------------------------------------------------------------------------------------------------------------------------------+
| IOB Name                           | Type             | Direction | IO Standard          | Diff  | Drive    | Slew | Reg (s)      | Resistor | IOB      |
|                                    |                  |           |                      | Term  | Strength | Rate |              |          | Delay    |
+---------------------------------------------------------------------------------------------------------------------------------------------------------+
| binario<0>                         | IOB              | INPUT     | LVCMOS25             |       |          |      |              |          |          |
| binario<1>                         | IOB              | INPUT     | LVCMOS25             |       |          |      |              |          |          |
| binario<2>                         | IOB              | INPUT     | LVCMOS25             |       |          |      |              |          |          |
| binario<3>                         | IOB              | INPUT     | LVCMOS25             |       |          |      |              |          |          |
| binario<4>                         | IOB              | INPUT     | LVCMOS25             |       |          |      |              |          |          |
| binario<5>                         | IOB              | INPUT     | LVCMOS25             |       |          |      |              |          |          |
| binario<6>                         | IOB              | INPUT     | LVCMOS25             |       |          |      |              |          |          |
| binario<7>                         | IOB              | INPUT     | LVCMOS25             |       |          |      |              |          |          |
| gray<0>                            | IOB              | OUTPUT    | LVCMOS25             |       | 12       | SLOW |              |          |          |
| gray<1>                            | IOB              | OUTPUT    | LVCMOS25             |       | 12       | SLOW |              |          |          |
| gray<2>                            | IOB              | OUTPUT    | LVCMOS25             |       | 12       | SLOW |              |          |          |
| gray<3>                            | IOB              | OUTPUT    | LVCMOS25             |       | 12       | SLOW |              |          |          |
| gray<4>                            | IOB              | OUTPUT    | LVCMOS25             |       | 12       | SLOW |              |          |          |
| gray<5>                            | IOB              | OUTPUT    | LVCMOS25             |       | 12       | SLOW |              |          |          |
| gray<6>                            | IOB              | OUTPUT    | LVCMOS25             |       | 12       | SLOW |              |          |          |
| gray<7>                            | IOB              | OUTPUT    | LVCMOS25             |       | 12       | SLOW |              |          |          |
+---------------------------------------------------------------------------------------------------------------------------------------------------------+

Section 7 - RPMs
----------------

Section 8 - Guide Report
------------------------
Guide not run on this design.

Section 9 - Area Group and Partition Summary
--------------------------------------------

Partition Implementation Status
-------------------------------

  No Partitions were found in this design.

-------------------------------

Area Group Information
----------------------

  No area groups were found in this design.

----------------------

Section 10 - Timing Report
--------------------------
A logic-level (pre-route) timing report can be generated by using Xilinx static
timing analysis tools, Timing Analyzer (GUI) or TRCE (command line), with the
mapped NCD and PCF files. Please note that this timing report will be generated
using estimated delay information. For accurate numbers, please generate a
timing report with the post Place and Route NCD file.

For more information about the Timing Analyzer, consult the Xilinx Timing
Analyzer Reference Manual; for more information about TRCE, consult the Xilinx
Command Line Tools User Guide "TRACE" chapter.

Section 11 - Configuration String Details
-----------------------------------------
Use the "-detail" map option to print out Configuration Strings

Section 12 - Control Set Information
------------------------------------
Use the "-detail" map option to print out Control Set Information.

Section 13 - Utilization by Hierarchy
-------------------------------------
Use the "-detail" map option to print out the Utilization by Hierarchy section.
