Release 14.7 - xst P.20131013 (nt64)
Copyright (c) 1995-2013 Xilinx, Inc.  All rights reserved.
--> Parameter TMPDIR set to xst/projnav.tmp


Total REAL time to Xst completion: 0.00 secs
Total CPU time to Xst completion: 0.16 secs
 
--> Parameter xsthdpdir set to xst


Total REAL time to Xst completion: 0.00 secs
Total CPU time to Xst completion: 0.17 secs
 
--> Reading design: Multiplezor.prj

TABLE OF CONTENTS
  1) Synthesis Options Summary
  2) HDL Parsing
  3) HDL Elaboration
  4) HDL Synthesis
       4.1) HDL Synthesis Report
  5) Advanced HDL Synthesis
       5.1) Advanced HDL Synthesis Report
  6) Low Level Synthesis
  7) Partition Report
  8) Design Summary
       8.1) Primitive and Black Box Usage
       8.2) Device utilization summary
       8.3) Partition Resource Summary
       8.4) Timing Report
            8.4.1) Clock Information
            8.4.2) Asynchronous Control Signals Information
            8.4.3) Timing Summary
            8.4.4) Timing Details
            8.4.5) Cross Clock Domains Report


=========================================================================
*                      Synthesis Options Summary                        *
=========================================================================
---- Source Parameters
Input File Name                    : "Multiplezor.prj"
Ignore Synthesis Constraint File   : NO

---- Target Parameters
Output File Name                   : "Multiplezor"
Output Format                      : NGC
Target Device                      : xc6slx9-2-ftg256

---- Source Options
Top Module Name                    : Multiplezor
Automatic FSM Extraction           : YES
FSM Encoding Algorithm             : Auto
Safe Implementation                : No
FSM Style                          : LUT
RAM Extraction                     : Yes
RAM Style                          : Auto
ROM Extraction                     : Yes
Shift Register Extraction          : YES
ROM Style                          : Auto
Resource Sharing                   : YES
Asynchronous To Synchronous        : NO
Shift Register Minimum Size        : 2
Use DSP Block                      : Auto
Automatic Register Balancing       : No

---- Target Options
LUT Combining                      : Auto
Reduce Control Sets                : Auto
Add IO Buffers                     : YES
Global Maximum Fanout              : 100000
Add Generic Clock Buffer(BUFG)     : 16
Register Duplication               : YES
Optimize Instantiated Primitives   : NO
Use Clock Enable                   : Auto
Use Synchronous Set                : Auto
Use Synchronous Reset              : Auto
Pack IO Registers into IOBs        : Auto
Equivalent register Removal        : YES

---- General Options
Optimization Goal                  : Speed
Optimization Effort                : 1
Power Reduction                    : NO
Keep Hierarchy                     : No
Netlist Hierarchy                  : As_Optimized
RTL Output                         : Yes
Global Optimization                : AllClockNets
Read Cores                         : YES
Write Timing Constraints           : NO
Cross Clock Analysis               : NO
Hierarchy Separator                : /
Bus Delimiter                      : <>
Case Specifier                     : Maintain
Slice Utilization Ratio            : 100
BRAM Utilization Ratio             : 100
DSP48 Utilization Ratio            : 100
Auto BRAM Packing                  : NO
Slice Utilization Ratio Delta      : 5

=========================================================================


=========================================================================
*                          HDL Parsing                                  *
=========================================================================
Parsing VHDL file "\\vboxsvr\compartir\Multiplexor_VHdl\Multiplezor.vhd" into library work
Parsing entity <Multiplezor>.
Parsing architecture <Multi> of entity <multiplezor>.

=========================================================================
*                            HDL Elaboration                            *
=========================================================================

Elaborating entity <Multiplezor> (architecture <Multi>) from library <work>.
INFO:HDLCompiler:679 - "\\vboxsvr\compartir\Multiplexor_VHdl\Multiplezor.vhd" Line 46. Case statement is complete. others clause is never selected
WARNING:HDLCompiler:92 - "\\vboxsvr\compartir\Multiplexor_VHdl\Multiplezor.vhd" Line 50: mostrar should be on the sensitivity list of the process
WARNING:HDLCompiler:92 - "\\vboxsvr\compartir\Multiplexor_VHdl\Multiplezor.vhd" Line 52: num1 should be on the sensitivity list of the process
WARNING:HDLCompiler:92 - "\\vboxsvr\compartir\Multiplexor_VHdl\Multiplezor.vhd" Line 54: num2 should be on the sensitivity list of the process
WARNING:HDLCompiler:92 - "\\vboxsvr\compartir\Multiplexor_VHdl\Multiplezor.vhd" Line 56: num3 should be on the sensitivity list of the process
WARNING:HDLCompiler:92 - "\\vboxsvr\compartir\Multiplexor_VHdl\Multiplezor.vhd" Line 58: num4 should be on the sensitivity list of the process

=========================================================================
*                           HDL Synthesis                               *
=========================================================================

Synthesizing Unit <Multiplezor>.
    Related source file is "\\vboxsvr\compartir\Multiplexor_VHdl\Multiplezor.vhd".
    Found 2-bit register for signal <Seleccion>.
    Found 17-bit register for signal <Cuenta>.
    Found 17-bit adder for signal <Cuenta[16]_GND_5_o_add_1_OUT> created at line 27.
    Found 2-bit adder for signal <Seleccion[1]_GND_5_o_add_2_OUT> created at line 29.
    Found 4x4-bit Read Only RAM for signal <Mostrar>
    Found 16x7-bit Read Only RAM for signal <Segmentos>
    Found 17-bit comparator greater for signal <Cuenta[16]_PWR_5_o_LessThan_1_o> created at line 26
    Summary:
	inferred   2 RAM(s).
	inferred   2 Adder/Subtractor(s).
	inferred  19 D-type flip-flop(s).
	inferred   1 Comparator(s).
Unit <Multiplezor> synthesized.

=========================================================================
HDL Synthesis Report

Macro Statistics
# RAMs                                                 : 2
 16x7-bit single-port Read Only RAM                    : 1
 4x4-bit single-port Read Only RAM                     : 1
# Adders/Subtractors                                   : 2
 17-bit adder                                          : 1
 2-bit adder                                           : 1
# Registers                                            : 2
 17-bit register                                       : 1
 2-bit register                                        : 1
# Comparators                                          : 1
 17-bit comparator greater                             : 1

=========================================================================

=========================================================================
*                       Advanced HDL Synthesis                          *
=========================================================================


Synthesizing (advanced) Unit <Multiplezor>.
The following registers are absorbed into counter <Seleccion>: 1 register on signal <Seleccion>.
The following registers are absorbed into counter <Cuenta>: 1 register on signal <Cuenta>.
INFO:Xst:3218 - HDL ADVISOR - The RAM <Mram_Mostrar> will be implemented on LUTs either because you have described an asynchronous read or because of currently unsupported block RAM features. If you have described an asynchronous read, making it synchronous would allow you to take advantage of available block RAM resources, for optimized device usage and improved timings. Please refer to your documentation for coding guidelines.
    -----------------------------------------------------------------------
    | ram_type           | Distributed                         |          |
    -----------------------------------------------------------------------
    | Port A                                                              |
    |     aspect ratio   | 4-word x 4-bit                      |          |
    |     weA            | connected to signal <GND>           | high     |
    |     addrA          | connected to signal <Seleccion>     |          |
    |     diA            | connected to signal <GND>           |          |
    |     doA            | connected to signal <Displays>      |          |
    -----------------------------------------------------------------------
INFO:Xst:3218 - HDL ADVISOR - The RAM <Mram_Segmentos> will be implemented on LUTs either because you have described an asynchronous read or because of currently unsupported block RAM features. If you have described an asynchronous read, making it synchronous would allow you to take advantage of available block RAM resources, for optimized device usage and improved timings. Please refer to your documentation for coding guidelines.
    -----------------------------------------------------------------------
    | ram_type           | Distributed                         |          |
    -----------------------------------------------------------------------
    | Port A                                                              |
    |     aspect ratio   | 16-word x 7-bit                     |          |
    |     weA            | connected to signal <GND>           | high     |
    |     addrA          | connected to signal <Displays>      |          |
    |     diA            | connected to signal <GND>           |          |
    |     doA            | connected to signal <Segmentos>     |          |
    -----------------------------------------------------------------------
Unit <Multiplezor> synthesized (advanced).

=========================================================================
Advanced HDL Synthesis Report

Macro Statistics
# RAMs                                                 : 2
 16x7-bit single-port distributed Read Only RAM        : 1
 4x4-bit single-port distributed Read Only RAM         : 1
# Counters                                             : 2
 17-bit up counter                                     : 1
 2-bit up counter                                      : 1
# Comparators                                          : 1
 17-bit comparator greater                             : 1

=========================================================================

=========================================================================
*                         Low Level Synthesis                           *
=========================================================================

Optimizing unit <Multiplezor> ...

Mapping all equations...
Building and optimizing final netlist ...
Found area constraint ratio of 100 (+ 5) on block Multiplezor, actual ratio is 0.

Final Macro Processing ...

=========================================================================
Final Register Report

Macro Statistics
# Registers                                            : 19
 Flip-Flops                                            : 19

=========================================================================

=========================================================================
*                           Partition Report                            *
=========================================================================

Partition Implementation Status
-------------------------------

  No Partitions were found in this design.

-------------------------------

=========================================================================
*                            Design Summary                             *
=========================================================================

Top Level Output File Name         : Multiplezor.ngc

Primitive and Black Box Usage:
------------------------------
# BELS                             : 82
#      GND                         : 1
#      INV                         : 2
#      LUT1                        : 16
#      LUT2                        : 25
#      LUT6                        : 4
#      MUXCY                       : 16
#      VCC                         : 1
#      XORCY                       : 17
# FlipFlops/Latches                : 19
#      FD                          : 17
#      FDE                         : 2
# Clock Buffers                    : 1
#      BUFGP                       : 1
# IO Buffers                       : 15
#      OBUF                        : 15

Device utilization summary:
---------------------------

Selected Device : 6slx9ftg256-2 


Slice Logic Utilization: 
 Number of Slice Registers:              19  out of  11440     0%  
 Number of Slice LUTs:                   47  out of   5720     0%  
    Number used as Logic:                47  out of   5720     0%  

Slice Logic Distribution: 
 Number of LUT Flip Flop pairs used:     47
   Number with an unused Flip Flop:      28  out of     47    59%  
   Number with an unused LUT:             0  out of     47     0%  
   Number of fully used LUT-FF pairs:    19  out of     47    40%  
   Number of unique control sets:         2

IO Utilization: 
 Number of IOs:                          16
 Number of bonded IOBs:                  16  out of    186     8%  

Specific Feature Utilization:
 Number of BUFG/BUFGCTRLs:                1  out of     16     6%  

---------------------------
Partition Resource Summary:
---------------------------

  No Partitions were found in this design.

---------------------------


=========================================================================
Timing Report

NOTE: THESE TIMING NUMBERS ARE ONLY A SYNTHESIS ESTIMATE.
      FOR ACCURATE TIMING INFORMATION PLEASE REFER TO THE TRACE REPORT
      GENERATED AFTER PLACE-and-ROUTE.

Clock Information:
------------------
-----------------------------------+------------------------+-------+
Clock Signal                       | Clock buffer(FF name)  | Load  |
-----------------------------------+------------------------+-------+
Reloj                              | BUFGP                  | 19    |
-----------------------------------+------------------------+-------+

Asynchronous Control Signals Information:
----------------------------------------
No asynchronous control signals found in this design

Timing Summary:
---------------
Speed Grade: -2

   Minimum period: 4.517ns (Maximum Frequency: 221.386MHz)
   Minimum input arrival time before clock: No path found
   Maximum output required time after clock: 5.464ns
   Maximum combinational path delay: No path found

Timing Details:
---------------
All values displayed in nanoseconds (ns)

=========================================================================
Timing constraint: Default period analysis for Clock 'Reloj'
  Clock period: 4.517ns (frequency: 221.386MHz)
  Total number of paths / destination ports: 384 / 21
-------------------------------------------------------------------------
Delay:               4.517ns (Levels of Logic = 3)
  Source:            Cuenta_10 (FF)
  Destination:       Cuenta_0 (FF)
  Source Clock:      Reloj rising
  Destination Clock: Reloj rising

  Data Path: Cuenta_10 to Cuenta_0
                                Gate     Net
    Cell:in->out      fanout   Delay   Delay  Logical Name (Net Name)
    ----------------------------------------  ------------
     FD:C->Q               2   0.525   1.181  Cuenta_10 (Cuenta_10)
     LUT6:I0->O            3   0.254   0.766  Cuenta[16]_PWR_5_o_LessThan_1_o_inv2 (Cuenta[16]_PWR_5_o_LessThan_1_o_inv2)
     LUT6:I5->O           17   0.254   1.209  Cuenta[16]_PWR_5_o_LessThan_1_o_inv3 (Cuenta[16]_PWR_5_o_LessThan_1_o_inv)
     LUT2:I1->O            1   0.254   0.000  Cuenta_0_rstpot (Cuenta_0_rstpot)
     FD:D                      0.074          Cuenta_0
    ----------------------------------------
    Total                      4.517ns (1.361ns logic, 3.156ns route)
                                       (30.1% logic, 69.9% route)

=========================================================================
Timing constraint: Default OFFSET OUT AFTER for Clock 'Reloj'
  Total number of paths / destination ports: 18 / 10
-------------------------------------------------------------------------
Offset:              5.464ns (Levels of Logic = 2)
  Source:            Seleccion_1 (FF)
  Destination:       Displays<0> (PAD)
  Source Clock:      Reloj rising

  Data Path: Seleccion_1 to Displays<0>
                                Gate     Net
    Cell:in->out      fanout   Delay   Delay  Logical Name (Net Name)
    ----------------------------------------  ------------
     FDE:C->Q              8   0.525   1.052  Seleccion_1 (Seleccion_1)
     LUT2:I0->O            2   0.250   0.725  Segmentos<5>1 (Segmentos_5_OBUF)
     OBUF:I->O                 2.912          Displays_0_OBUF (Displays<0>)
    ----------------------------------------
    Total                      5.464ns (3.687ns logic, 1.777ns route)
                                       (67.5% logic, 32.5% route)

=========================================================================

Cross Clock Domains Report:
--------------------------

Clock to Setup on destination clock Reloj
---------------+---------+---------+---------+---------+
               | Src:Rise| Src:Fall| Src:Rise| Src:Fall|
Source Clock   |Dest:Rise|Dest:Rise|Dest:Fall|Dest:Fall|
---------------+---------+---------+---------+---------+
Reloj          |    4.517|         |         |         |
---------------+---------+---------+---------+---------+

=========================================================================


Total REAL time to Xst completion: 5.00 secs
Total CPU time to Xst completion: 5.17 secs
 
--> 

Total memory usage is 258780 kilobytes

Number of errors   :    0 (   0 filtered)
Number of warnings :    5 (   0 filtered)
Number of infos    :    2 (   0 filtered)

