--------------------------------------------------------------------------------
Release 14.7 Trace  (nt64)
Copyright (c) 1995-2013 Xilinx, Inc.  All rights reserved.

C:\Xilinx\14.7\ISE_DS\ISE\bin\nt64\unwrapped\trce.exe -intstyle ise -v 3 -s 2
-n 3 -fastpaths -xml Main.twx Main.ncd -o Main.twr Main.pcf -ucf pines.ucf

Design file:              Main.ncd
Physical constraint file: Main.pcf
Device,package,speed:     xc6slx9,ftg256,C,-2 (PRODUCTION 1.23 2013-10-13)
Report level:             verbose report

Environment Variable      Effect 
--------------------      ------ 
NONE                      No environment variables were set
--------------------------------------------------------------------------------

INFO:Timing:2698 - No timing constraints found, doing default enumeration.
INFO:Timing:3412 - To improve timing, see the Timing Closure User Guide (UG612).
INFO:Timing:2752 - To get complete path coverage, use the unconstrained paths 
   option. All paths that are not constrained will be reported in the 
   unconstrained paths section(s) of the report.
INFO:Timing:3339 - The clock-to-out numbers in this timing report are based on 
   a 50 Ohm transmission line loading model.  For the details of this model, 
   and for more information on accounting for different loading conditions, 
   please see the device datasheet.



Data Sheet report:
-----------------
All values displayed in nanoseconds (ns)

Setup/Hold to clock Clk
------------+------------+------------+------------+------------+------------------+--------+
            |Max Setup to|  Process   |Max Hold to |  Process   |                  | Clock  |
Source      | clk (edge) |   Corner   | clk (edge) |   Corner   |Internal Clock(s) | Phase  |
------------+------------+------------+------------+------------+------------------+--------+
N<0>        |    3.435(R)|      SLOW  |   -0.789(R)|      FAST  |Clk_BUFGP         |   0.000|
N<1>        |    3.603(R)|      SLOW  |   -0.328(R)|      FAST  |Clk_BUFGP         |   0.000|
N<2>        |    4.392(R)|      SLOW  |   -0.687(R)|      FAST  |Clk_BUFGP         |   0.000|
N<3>        |    2.913(R)|      SLOW  |   -0.779(R)|      FAST  |Clk_BUFGP         |   0.000|
N<4>        |    2.379(R)|      SLOW  |   -0.215(R)|      SLOW  |Clk_BUFGP         |   0.000|
N<5>        |    3.342(R)|      SLOW  |   -0.401(R)|      FAST  |Clk_BUFGP         |   0.000|
N<6>        |    2.499(R)|      SLOW  |   -0.625(R)|      FAST  |Clk_BUFGP         |   0.000|
N<7>        |    1.886(R)|      SLOW  |   -0.280(R)|      SLOW  |Clk_BUFGP         |   0.000|
Start       |    2.644(R)|      SLOW  |   -0.890(R)|      FAST  |Clk_BUFGP         |   0.000|
------------+------------+------------+------------+------------+------------------+--------+

Clock Clk to Pad
------------+-----------------+------------+-----------------+------------+------------------+--------+
            |Max (slowest) clk|  Process   |Min (fastest) clk|  Process   |                  | Clock  |
Destination |  (edge) to PAD  |   Corner   |  (edge) to PAD  |   Corner   |Internal Clock(s) | Phase  |
------------+-----------------+------------+-----------------+------------+------------------+--------+
Displays<0> |        12.377(R)|      SLOW  |         5.323(R)|      FAST  |Clk_BUFGP         |   0.000|
Displays<1> |        12.785(R)|      SLOW  |         5.651(R)|      FAST  |Clk_BUFGP         |   0.000|
Displays<2> |        13.291(R)|      SLOW  |         5.843(R)|      FAST  |Clk_BUFGP         |   0.000|
Salida      |        10.539(R)|      SLOW  |         4.567(R)|      FAST  |Clk_BUFGP         |   0.000|
------------+-----------------+------------+-----------------+------------+------------------+--------+

Clock to Setup on destination clock Clk
---------------+---------+---------+---------+---------+
               | Src:Rise| Src:Fall| Src:Rise| Src:Fall|
Source Clock   |Dest:Rise|Dest:Rise|Dest:Fall|Dest:Fall|
---------------+---------+---------+---------+---------+
Clk            |    4.318|         |         |         |
---------------+---------+---------+---------+---------+


Analysis completed Mon Jun 12 22:27:40 2023 
--------------------------------------------------------------------------------

Trace Settings:
-------------------------
Trace Settings 

Peak Memory Usage: 212 MB



