Release 14.7 - xst P.20131013 (nt64)
Copyright (c) 1995-2013 Xilinx, Inc.  All rights reserved.
--> Parameter TMPDIR set to xst/projnav.tmp


Total REAL time to Xst completion: 0.00 secs
Total CPU time to Xst completion: 0.14 secs
 
--> Parameter xsthdpdir set to xst


Total REAL time to Xst completion: 0.00 secs
Total CPU time to Xst completion: 0.14 secs
 
--> Reading design: Main.prj

TABLE OF CONTENTS
  1) Synthesis Options Summary
  2) HDL Parsing
  3) HDL Elaboration
  4) HDL Synthesis
       4.1) HDL Synthesis Report
  5) Advanced HDL Synthesis
       5.1) Advanced HDL Synthesis Report
  6) Low Level Synthesis
  7) Partition Report
  8) Design Summary
       8.1) Primitive and Black Box Usage
       8.2) Device utilization summary
       8.3) Partition Resource Summary
       8.4) Timing Report
            8.4.1) Clock Information
            8.4.2) Asynchronous Control Signals Information
            8.4.3) Timing Summary
            8.4.4) Timing Details
            8.4.5) Cross Clock Domains Report


=========================================================================
*                      Synthesis Options Summary                        *
=========================================================================
---- Source Parameters
Input File Name                    : "Main.prj"
Ignore Synthesis Constraint File   : NO

---- Target Parameters
Output File Name                   : "Main"
Output Format                      : NGC
Target Device                      : xc6slx9-2-ftg256

---- Source Options
Top Module Name                    : Main
Automatic FSM Extraction           : YES
FSM Encoding Algorithm             : Auto
Safe Implementation                : No
FSM Style                          : LUT
RAM Extraction                     : Yes
RAM Style                          : Auto
ROM Extraction                     : Yes
Shift Register Extraction          : YES
ROM Style                          : Auto
Resource Sharing                   : YES
Asynchronous To Synchronous        : NO
Shift Register Minimum Size        : 2
Use DSP Block                      : Auto
Automatic Register Balancing       : No

---- Target Options
LUT Combining                      : Auto
Reduce Control Sets                : Auto
Add IO Buffers                     : YES
Global Maximum Fanout              : 100000
Add Generic Clock Buffer(BUFG)     : 16
Register Duplication               : YES
Optimize Instantiated Primitives   : NO
Use Clock Enable                   : Auto
Use Synchronous Set                : Auto
Use Synchronous Reset              : Auto
Pack IO Registers into IOBs        : Auto
Equivalent register Removal        : YES

---- General Options
Optimization Goal                  : Speed
Optimization Effort                : 1
Power Reduction                    : NO
Keep Hierarchy                     : No
Netlist Hierarchy                  : As_Optimized
RTL Output                         : Yes
Global Optimization                : AllClockNets
Read Cores                         : YES
Write Timing Constraints           : NO
Cross Clock Analysis               : NO
Hierarchy Separator                : /
Bus Delimiter                      : <>
Case Specifier                     : Maintain
Slice Utilization Ratio            : 100
BRAM Utilization Ratio             : 100
DSP48 Utilization Ratio            : 100
Auto BRAM Packing                  : NO
Slice Utilization Ratio Delta      : 5

=========================================================================


=========================================================================
*                          HDL Parsing                                  *
=========================================================================
Analyzing Verilog file "\\vboxsvr\compartir\Procesador_V2\Multiplexor.v" into library work
Parsing module <Multiplexor>.
Analyzing Verilog file "\\vboxsvr\compartir\Procesador_V2\FSM.v" into library work
Parsing module <FSM>.
Analyzing Verilog file "\\vboxsvr\compartir\Procesador_V2\Data_path.v" into library work
Parsing module <Data_path>.
Analyzing Verilog file "\\vboxsvr\compartir\Procesador_V2\Main.v" into library work
Parsing module <Main>.

=========================================================================
*                            HDL Elaboration                            *
=========================================================================

Elaborating module <Main>.

Elaborating module <Data_path>.
WARNING:HDLCompiler:413 - "\\vboxsvr\compartir\Procesador_V2\Data_path.v" Line 28: Result of 32-bit expression is truncated to fit in 8-bit target.
WARNING:HDLCompiler:413 - "\\vboxsvr\compartir\Procesador_V2\Data_path.v" Line 37: Result of 32-bit expression is truncated to fit in 8-bit target.

Elaborating module <FSM>.

Elaborating module <Multiplexor>.
WARNING:HDLCompiler:91 - "\\vboxsvr\compartir\Procesador_V2\Multiplexor.v" Line 24: Signal <a> missing in the sensitivity list is added for synthesis purposes. HDL and post-synthesis simulations may differ as a result.
WARNING:HDLCompiler:91 - "\\vboxsvr\compartir\Procesador_V2\Multiplexor.v" Line 25: Signal <b> missing in the sensitivity list is added for synthesis purposes. HDL and post-synthesis simulations may differ as a result.
WARNING:HDLCompiler:91 - "\\vboxsvr\compartir\Procesador_V2\Multiplexor.v" Line 26: Signal <c> missing in the sensitivity list is added for synthesis purposes. HDL and post-synthesis simulations may differ as a result.

=========================================================================
*                           HDL Synthesis                               *
=========================================================================

Synthesizing Unit <Main>.
    Related source file is "\\vboxsvr\compartir\Procesador_V2\Main.v".
    Summary:
	no macro.
Unit <Main> synthesized.

Synthesizing Unit <Data_path>.
    Related source file is "\\vboxsvr\compartir\Procesador_V2\Data_path.v".
    Found 8-bit register for signal <E>.
    Found 8-bit register for signal <K>.
    Found 8-bit register for signal <C>.
    Found 1-bit register for signal <P>.
    Found 8-bit register for signal <A>.
    Found 8-bit subtractor for signal <A[7]_K[7]_sub_1_OUT> created at line 13.
    Found 9-bit subtractor for signal <GND_2_o_GND_2_o_sub_9_OUT> created at line 28.
    Found 9-bit subtractor for signal <GND_2_o_GND_2_o_sub_10_OUT> created at line 28.
    Found 9-bit adder for signal <n0039[8:0]> created at line 37.
    Summary:
	inferred   4 Adder/Subtractor(s).
	inferred  33 D-type flip-flop(s).
	inferred   3 Multiplexer(s).
Unit <Data_path> synthesized.

Synthesizing Unit <FSM>.
    Related source file is "\\vboxsvr\compartir\Procesador_V2\FSM.v".
        Esperar = 3'b000
        Divisor = 3'b001
        Selector = 3'b010
        Restar = 3'b011
        Sumar = 3'b100
        Imprimir = 3'b101
    Found 3-bit register for signal <presente>.
    Found 8x7-bit Read Only RAM for signal <_n0053>
    Found 3-bit 7-to-1 multiplexer for signal <futuro> created at line 23.
WARNING:Xst:737 - Found 1-bit latch for signal <a1>. Latches may be generated from incomplete case or if statements. We do not recommend the use of latches in FPGA/CPLD designs, as they may lead to timing problems.
WARNING:Xst:737 - Found 1-bit latch for signal <a2>. Latches may be generated from incomplete case or if statements. We do not recommend the use of latches in FPGA/CPLD designs, as they may lead to timing problems.
WARNING:Xst:737 - Found 1-bit latch for signal <a3>. Latches may be generated from incomplete case or if statements. We do not recommend the use of latches in FPGA/CPLD designs, as they may lead to timing problems.
WARNING:Xst:737 - Found 1-bit latch for signal <a4>. Latches may be generated from incomplete case or if statements. We do not recommend the use of latches in FPGA/CPLD designs, as they may lead to timing problems.
WARNING:Xst:737 - Found 1-bit latch for signal <a6>. Latches may be generated from incomplete case or if statements. We do not recommend the use of latches in FPGA/CPLD designs, as they may lead to timing problems.
WARNING:Xst:737 - Found 1-bit latch for signal <a7>. Latches may be generated from incomplete case or if statements. We do not recommend the use of latches in FPGA/CPLD designs, as they may lead to timing problems.
    Found 9-bit comparator lessequal for signal <n0003> created at line 32
    HDL ADVISOR - Describing an operational reset or an explicit power-up state for register <presente> would allow inference of a finite state machine and as consequence better performance and smaller area.
    Summary:
	inferred   1 RAM(s).
	inferred   3 D-type flip-flop(s).
	inferred   6 Latch(s).
	inferred   1 Comparator(s).
	inferred   1 Multiplexer(s).
Unit <FSM> synthesized.

Synthesizing Unit <Multiplexor>.
    Related source file is "\\vboxsvr\compartir\Procesador_V2\Multiplexor.v".
    Found 2-bit register for signal <Seleccion>.
    Found 30-bit register for signal <Contador>.
    Found 30-bit adder for signal <Contador[29]_GND_11_o_add_2_OUT> created at line 15.
    Found 2-bit adder for signal <Seleccion[1]_GND_11_o_add_3_OUT> created at line 17.
    Found 16x8-bit Read Only RAM for signal <Segmentos>
    Found 4x9-bit Read Only RAM for signal <_n0056>
    Found 1-bit 3-to-1 multiplexer for signal <Seleccion[1]_A0[3]_wide_mux_9_OUT<3>> created at line 22.
    Found 1-bit 3-to-1 multiplexer for signal <Seleccion[1]_A0[3]_wide_mux_9_OUT<2>> created at line 22.
    Found 1-bit 3-to-1 multiplexer for signal <Seleccion[1]_A0[3]_wide_mux_9_OUT<1>> created at line 22.
    Found 1-bit 3-to-1 multiplexer for signal <Seleccion[1]_A0[3]_wide_mux_9_OUT<0>> created at line 22.
WARNING:Xst:737 - Found 1-bit latch for signal <A0<3>>. Latches may be generated from incomplete case or if statements. We do not recommend the use of latches in FPGA/CPLD designs, as they may lead to timing problems.
WARNING:Xst:737 - Found 1-bit latch for signal <A0<2>>. Latches may be generated from incomplete case or if statements. We do not recommend the use of latches in FPGA/CPLD designs, as they may lead to timing problems.
WARNING:Xst:737 - Found 1-bit latch for signal <A0<1>>. Latches may be generated from incomplete case or if statements. We do not recommend the use of latches in FPGA/CPLD designs, as they may lead to timing problems.
WARNING:Xst:737 - Found 1-bit latch for signal <A0<0>>. Latches may be generated from incomplete case or if statements. We do not recommend the use of latches in FPGA/CPLD designs, as they may lead to timing problems.
    Found 30-bit comparator greater for signal <Contador[29]_GND_11_o_LessThan_2_o> created at line 14
    Summary:
	inferred   2 RAM(s).
	inferred   2 Adder/Subtractor(s).
	inferred  32 D-type flip-flop(s).
	inferred   4 Latch(s).
	inferred   1 Comparator(s).
	inferred   4 Multiplexer(s).
Unit <Multiplexor> synthesized.

=========================================================================
HDL Synthesis Report

Macro Statistics
# RAMs                                                 : 3
 16x8-bit single-port Read Only RAM                    : 1
 4x9-bit single-port Read Only RAM                     : 1
 8x7-bit single-port Read Only RAM                     : 1
# Adders/Subtractors                                   : 6
 2-bit adder                                           : 1
 30-bit adder                                          : 1
 8-bit subtractor                                      : 1
 9-bit adder                                           : 1
 9-bit subtractor                                      : 2
# Registers                                            : 8
 1-bit register                                        : 1
 2-bit register                                        : 1
 3-bit register                                        : 1
 30-bit register                                       : 1
 8-bit register                                        : 4
# Latches                                              : 10
 1-bit latch                                           : 10
# Comparators                                          : 2
 30-bit comparator greater                             : 1
 9-bit comparator lessequal                            : 1
# Multiplexers                                         : 8
 1-bit 3-to-1 multiplexer                              : 4
 3-bit 7-to-1 multiplexer                              : 1
 32-bit 2-to-1 multiplexer                             : 2
 8-bit 2-to-1 multiplexer                              : 1

=========================================================================

=========================================================================
*                       Advanced HDL Synthesis                          *
=========================================================================


Synthesizing (advanced) Unit <Data_path>.
The following registers are absorbed into accumulator <A>: 1 register on signal <A>.
Unit <Data_path> synthesized (advanced).

Synthesizing (advanced) Unit <FSM>.
INFO:Xst:3231 - The small RAM <Mram__n0053> will be implemented on LUTs in order to maximize performance and save block RAM resources. If you want to force its implementation on block, use option/constraint ram_style.
    -----------------------------------------------------------------------
    | ram_type           | Distributed                         |          |
    -----------------------------------------------------------------------
    | Port A                                                              |
    |     aspect ratio   | 8-word x 7-bit                      |          |
    |     weA            | connected to signal <GND>           | high     |
    |     addrA          | connected to signal <presente>      |          |
    |     diA            | connected to signal <GND>           |          |
    |     doA            | connected to internal node          |          |
    -----------------------------------------------------------------------
Unit <FSM> synthesized (advanced).

Synthesizing (advanced) Unit <Multiplexor>.
The following registers are absorbed into counter <Contador>: 1 register on signal <Contador>.
The following registers are absorbed into counter <Seleccion>: 1 register on signal <Seleccion>.
INFO:Xst:3218 - HDL ADVISOR - The RAM <Mram__n0056> will be implemented on LUTs either because you have described an asynchronous read or because of currently unsupported block RAM features. If you have described an asynchronous read, making it synchronous would allow you to take advantage of available block RAM resources, for optimized device usage and improved timings. Please refer to your documentation for coding guidelines.
    -----------------------------------------------------------------------
    | ram_type           | Distributed                         |          |
    -----------------------------------------------------------------------
    | Port A                                                              |
    |     aspect ratio   | 4-word x 9-bit                      |          |
    |     weA            | connected to signal <GND>           | high     |
    |     addrA          | connected to signal <Seleccion>     |          |
    |     diA            | connected to signal <GND>           |          |
    |     doA            | connected to internal node          |          |
    -----------------------------------------------------------------------
INFO:Xst:3218 - HDL ADVISOR - The RAM <Mram_Segmentos> will be implemented on LUTs either because you have described an asynchronous read or because of currently unsupported block RAM features. If you have described an asynchronous read, making it synchronous would allow you to take advantage of available block RAM resources, for optimized device usage and improved timings. Please refer to your documentation for coding guidelines.
    -----------------------------------------------------------------------
    | ram_type           | Distributed                         |          |
    -----------------------------------------------------------------------
    | Port A                                                              |
    |     aspect ratio   | 16-word x 8-bit                     |          |
    |     weA            | connected to signal <GND>           | high     |
    |     addrA          | connected to signal <A0>            |          |
    |     diA            | connected to signal <GND>           |          |
    |     doA            | connected to signal <Segmentos>     |          |
    -----------------------------------------------------------------------
Unit <Multiplexor> synthesized (advanced).

=========================================================================
Advanced HDL Synthesis Report

Macro Statistics
# RAMs                                                 : 3
 16x8-bit single-port distributed Read Only RAM        : 1
 4x9-bit single-port distributed Read Only RAM         : 1
 8x7-bit single-port distributed Read Only RAM         : 1
# Adders/Subtractors                                   : 3
 9-bit adder                                           : 1
 9-bit subtractor                                      : 2
# Counters                                             : 2
 2-bit up counter                                      : 1
 30-bit up counter                                     : 1
# Accumulators                                         : 1
 8-bit down loadable accumulator                       : 1
# Registers                                            : 28
 Flip-Flops                                            : 28
# Comparators                                          : 2
 30-bit comparator greater                             : 1
 9-bit comparator lessequal                            : 1
# Multiplexers                                         : 7
 1-bit 3-to-1 multiplexer                              : 4
 3-bit 7-to-1 multiplexer                              : 1
 32-bit 2-to-1 multiplexer                             : 2

=========================================================================

=========================================================================
*                         Low Level Synthesis                           *
=========================================================================

Optimizing unit <Main> ...

Optimizing unit <Data_path> ...

Optimizing unit <Multiplexor> ...

Optimizing unit <FSM> ...
WARNING:Xst:1710 - FF/Latch <U3/Contador_29> (without init value) has a constant value of 0 in block <Main>. This FF/Latch will be trimmed during the optimization process.
WARNING:Xst:1895 - Due to other FF/Latch trimming, FF/Latch <U3/Contador_28> (without init value) has a constant value of 0 in block <Main>. This FF/Latch will be trimmed during the optimization process.
WARNING:Xst:1895 - Due to other FF/Latch trimming, FF/Latch <U3/Contador_27> (without init value) has a constant value of 0 in block <Main>. This FF/Latch will be trimmed during the optimization process.
WARNING:Xst:1895 - Due to other FF/Latch trimming, FF/Latch <U3/Contador_26> (without init value) has a constant value of 0 in block <Main>. This FF/Latch will be trimmed during the optimization process.
WARNING:Xst:1895 - Due to other FF/Latch trimming, FF/Latch <U3/Contador_25> (without init value) has a constant value of 0 in block <Main>. This FF/Latch will be trimmed during the optimization process.
WARNING:Xst:1895 - Due to other FF/Latch trimming, FF/Latch <U3/Contador_24> (without init value) has a constant value of 0 in block <Main>. This FF/Latch will be trimmed during the optimization process.
WARNING:Xst:1895 - Due to other FF/Latch trimming, FF/Latch <U3/Contador_23> (without init value) has a constant value of 0 in block <Main>. This FF/Latch will be trimmed during the optimization process.
WARNING:Xst:1895 - Due to other FF/Latch trimming, FF/Latch <U3/Contador_22> (without init value) has a constant value of 0 in block <Main>. This FF/Latch will be trimmed during the optimization process.
WARNING:Xst:1895 - Due to other FF/Latch trimming, FF/Latch <U3/Contador_21> (without init value) has a constant value of 0 in block <Main>. This FF/Latch will be trimmed during the optimization process.
WARNING:Xst:1895 - Due to other FF/Latch trimming, FF/Latch <U3/Contador_20> (without init value) has a constant value of 0 in block <Main>. This FF/Latch will be trimmed during the optimization process.
WARNING:Xst:1895 - Due to other FF/Latch trimming, FF/Latch <U3/Contador_19> (without init value) has a constant value of 0 in block <Main>. This FF/Latch will be trimmed during the optimization process.
WARNING:Xst:1895 - Due to other FF/Latch trimming, FF/Latch <U3/Contador_18> (without init value) has a constant value of 0 in block <Main>. This FF/Latch will be trimmed during the optimization process.
WARNING:Xst:1895 - Due to other FF/Latch trimming, FF/Latch <U3/Contador_17> (without init value) has a constant value of 0 in block <Main>. This FF/Latch will be trimmed during the optimization process.

Mapping all equations...
Building and optimizing final netlist ...
Found area constraint ratio of 100 (+ 5) on block Main, actual ratio is 2.

Final Macro Processing ...

=========================================================================
Final Register Report

Macro Statistics
# Registers                                            : 55
 Flip-Flops                                            : 55

=========================================================================

=========================================================================
*                           Partition Report                            *
=========================================================================

Partition Implementation Status
-------------------------------

  No Partitions were found in this design.

-------------------------------

=========================================================================
*                            Design Summary                             *
=========================================================================

Top Level Output File Name         : Main.ngc

Primitive and Black Box Usage:
------------------------------
# BELS                             : 191
#      GND                         : 1
#      INV                         : 5
#      LUT1                        : 16
#      LUT2                        : 35
#      LUT3                        : 14
#      LUT4                        : 22
#      LUT5                        : 14
#      LUT6                        : 24
#      MUXCY                       : 28
#      MUXF7                       : 6
#      VCC                         : 1
#      XORCY                       : 25
# FlipFlops/Latches                : 65
#      FD                          : 29
#      FDE                         : 26
#      LD                          : 10
# Clock Buffers                    : 1
#      BUFGP                       : 1
# IO Buffers                       : 26
#      IBUF                        : 9
#      OBUF                        : 17

Device utilization summary:
---------------------------

Selected Device : 6slx9ftg256-2 


Slice Logic Utilization: 
 Number of Slice Registers:              65  out of  11440     0%  
 Number of Slice LUTs:                  130  out of   5720     2%  
    Number used as Logic:               130  out of   5720     2%  

Slice Logic Distribution: 
 Number of LUT Flip Flop pairs used:    137
   Number with an unused Flip Flop:      72  out of    137    52%  
   Number with an unused LUT:             7  out of    137     5%  
   Number of fully used LUT-FF pairs:    58  out of    137    42%  
   Number of unique control sets:         7

IO Utilization: 
 Number of IOs:                          27
 Number of bonded IOBs:                  27  out of    186    14%  

Specific Feature Utilization:
 Number of BUFG/BUFGCTRLs:                1  out of     16     6%  

---------------------------
Partition Resource Summary:
---------------------------

  No Partitions were found in this design.

---------------------------


=========================================================================
Timing Report

NOTE: THESE TIMING NUMBERS ARE ONLY A SYNTHESIS ESTIMATE.
      FOR ACCURATE TIMING INFORMATION PLEASE REFER TO THE TRACE REPORT
      GENERATED AFTER PLACE-and-ROUTE.

Clock Information:
------------------
-----------------------------------+------------------------+-------+
Clock Signal                       | Clock buffer(FF name)  | Load  |
-----------------------------------+------------------------+-------+
Clk                                | BUFGP                  | 55    |
U3/Mram__n00568(U3/Mram__n005681:O)| NONE(*)(U3/A0_1)       | 4     |
U2/Mram__n0053(U2/Mram__n005311:O) | NONE(*)(U2/a7)         | 6     |
-----------------------------------+------------------------+-------+
(*) These 2 clock signal(s) are generated by combinatorial logic,
and XST is not able to identify which are the primary clock signals.
Please use the CLOCK_SIGNAL constraint to specify the clock signal(s) generated by combinatorial logic.
INFO:Xst:2169 - HDL ADVISOR - Some clock signals were not automatically buffered by XST with BUFG/BUFR resources. Please use the buffer_type constraint in order to insert these buffers to the clock signals to help prevent skew problems.

Asynchronous Control Signals Information:
----------------------------------------
No asynchronous control signals found in this design

Timing Summary:
---------------
Speed Grade: -2

   Minimum period: 4.111ns (Maximum Frequency: 243.250MHz)
   Minimum input arrival time before clock: 4.375ns
   Maximum output required time after clock: 5.614ns
   Maximum combinational path delay: No path found

Timing Details:
---------------
All values displayed in nanoseconds (ns)

=========================================================================
Timing constraint: Default period analysis for Clock 'Clk'
  Clock period: 4.111ns (frequency: 243.250MHz)
  Total number of paths / destination ports: 815 / 57
-------------------------------------------------------------------------
Delay:               4.111ns (Levels of Logic = 7)
  Source:            U3/Contador_9 (FF)
  Destination:       U3/Contador_16 (FF)
  Source Clock:      Clk rising
  Destination Clock: Clk rising

  Data Path: U3/Contador_9 to U3/Contador_16
                                Gate     Net
    Cell:in->out      fanout   Delay   Delay  Logical Name (Net Name)
    ----------------------------------------  ------------
     FD:C->Q               3   0.525   1.196  U3/Contador_9 (U3/Contador_9)
     LUT5:I0->O            1   0.254   0.000  U3/Mcompar_Contador[29]_GND_11_o_LessThan_2_o_lut<0> (U3/Mcompar_Contador[29]_GND_11_o_LessThan_2_o_lut<0>)
     MUXCY:S->O            1   0.215   0.000  U3/Mcompar_Contador[29]_GND_11_o_LessThan_2_o_cy<0> (U3/Mcompar_Contador[29]_GND_11_o_LessThan_2_o_cy<0>)
     MUXCY:CI->O           1   0.023   0.000  U3/Mcompar_Contador[29]_GND_11_o_LessThan_2_o_cy<1> (U3/Mcompar_Contador[29]_GND_11_o_LessThan_2_o_cy<1>)
     MUXCY:CI->O           1   0.023   0.000  U3/Mcompar_Contador[29]_GND_11_o_LessThan_2_o_cy<2> (U3/Mcompar_Contador[29]_GND_11_o_LessThan_2_o_cy<2>)
     MUXCY:CI->O           1   0.023   0.000  U3/Mcompar_Contador[29]_GND_11_o_LessThan_2_o_cy<3> (U3/Mcompar_Contador[29]_GND_11_o_LessThan_2_o_cy<3>)
     MUXCY:CI->O          19   0.262   1.261  U3/Mcompar_Contador[29]_GND_11_o_LessThan_2_o_cy<4> (U3/Contador[29]_GND_11_o_LessThan_2_o_inv)
     LUT2:I1->O            1   0.254   0.000  U3/Contador_16_rstpot (U3/Contador_16_rstpot)
     FD:D                      0.074          U3/Contador_16
    ----------------------------------------
    Total                      4.111ns (1.654ns logic, 2.457ns route)
                                       (40.2% logic, 59.8% route)

=========================================================================
Timing constraint: Default OFFSET IN BEFORE for Clock 'Clk'
  Total number of paths / destination ports: 73 / 17
-------------------------------------------------------------------------
Offset:              4.375ns (Levels of Logic = 4)
  Source:            N<0> (PAD)
  Destination:       U1/K_6 (FF)
  Destination Clock: Clk rising

  Data Path: N<0> to U1/K_6
                                Gate     Net
    Cell:in->out      fanout   Delay   Delay  Logical Name (Net Name)
    ----------------------------------------  ------------
     IBUF:I->O             9   1.328   1.204  N_0_IBUF (N_0_IBUF)
     LUT3:I0->O            5   0.235   1.117  U1/n0024<3>21 (U1/n0024<3>_bdd1)
     LUT4:I0->O            1   0.254   0.000  U1/n0024<5>_F (N44)
     MUXF7:I0->O           1   0.163   0.000  U1/n0024<5> (U1/n0024<5>)
     FDE:D                     0.074          U1/K_5
    ----------------------------------------
    Total                      4.375ns (2.054ns logic, 2.321ns route)
                                       (46.9% logic, 53.1% route)

=========================================================================
Timing constraint: Default OFFSET IN BEFORE for Clock 'U3/Mram__n00568'
  Total number of paths / destination ports: 42 / 4
-------------------------------------------------------------------------
Offset:              4.271ns (Levels of Logic = 4)
  Source:            N<5> (PAD)
  Destination:       U3/A0_0 (LATCH)
  Destination Clock: U3/Mram__n00568 falling

  Data Path: N<5> to U3/A0_0
                                Gate     Net
    Cell:in->out      fanout   Delay   Delay  Logical Name (Net Name)
    ----------------------------------------  ------------
     IBUF:I->O            10   1.328   1.438  N_5_IBUF (N_5_IBUF)
     LUT5:I0->O            1   0.254   0.000  U3/Mmux_Seleccion[1]_A0[3]_wide_mux_9_OUT<0>13_G (N41)
     MUXF7:I1->O           1   0.175   0.790  U3/Mmux_Seleccion[1]_A0[3]_wide_mux_9_OUT<0>13 (U3/Mmux_Seleccion[1]_A0[3]_wide_mux_9_OUT<0>12)
     LUT4:I2->O            1   0.250   0.000  U3/Mmux_Seleccion[1]_A0[3]_wide_mux_9_OUT<0>14 (U3/Seleccion[1]_A0[3]_wide_mux_9_OUT<0>)
     LD:D                      0.036          U3/A0_0
    ----------------------------------------
    Total                      4.271ns (2.043ns logic, 2.228ns route)
                                       (47.8% logic, 52.2% route)

=========================================================================
Timing constraint: Default OFFSET OUT AFTER for Clock 'Clk'
  Total number of paths / destination ports: 7 / 4
-------------------------------------------------------------------------
Offset:              5.515ns (Levels of Logic = 2)
  Source:            U3/Seleccion_0 (FF)
  Destination:       Displays<1> (PAD)
  Source Clock:      Clk rising

  Data Path: U3/Seleccion_0 to Displays<1>
                                Gate     Net
    Cell:in->out      fanout   Delay   Delay  Logical Name (Net Name)
    ----------------------------------------  ------------
     FDE:C->Q             11   0.525   1.147  U3/Seleccion_0 (U3/Seleccion_0)
     LUT2:I0->O            1   0.250   0.681  U3/Mram__n0056111 (Displays_1_OBUF)
     OBUF:I->O                 2.912          Displays_1_OBUF (Displays<1>)
    ----------------------------------------
    Total                      5.515ns (3.687ns logic, 1.828ns route)
                                       (66.9% logic, 33.1% route)

=========================================================================
Timing constraint: Default OFFSET OUT AFTER for Clock 'U3/Mram__n00568'
  Total number of paths / destination ports: 28 / 7
-------------------------------------------------------------------------
Offset:              5.614ns (Levels of Logic = 2)
  Source:            U3/A0_3 (LATCH)
  Destination:       Segmentos<6> (PAD)
  Source Clock:      U3/Mram__n00568 falling

  Data Path: U3/A0_3 to Segmentos<6>
                                Gate     Net
    Cell:in->out      fanout   Delay   Delay  Logical Name (Net Name)
    ----------------------------------------  ------------
     LD:G->Q               7   0.581   1.186  U3/A0_3 (U3/A0_3)
     LUT4:I0->O            1   0.254   0.681  U3/Mram_Segmentos61 (Segmentos_6_OBUF)
     OBUF:I->O                 2.912          Segmentos_6_OBUF (Segmentos<6>)
    ----------------------------------------
    Total                      5.614ns (3.747ns logic, 1.867ns route)
                                       (66.7% logic, 33.3% route)

=========================================================================

Cross Clock Domains Report:
--------------------------

Clock to Setup on destination clock Clk
---------------+---------+---------+---------+---------+
               | Src:Rise| Src:Fall| Src:Rise| Src:Fall|
Source Clock   |Dest:Rise|Dest:Rise|Dest:Fall|Dest:Fall|
---------------+---------+---------+---------+---------+
Clk            |    4.111|         |         |         |
U2/Mram__n0053 |         |    2.928|         |         |
---------------+---------+---------+---------+---------+

Clock to Setup on destination clock U2/Mram__n0053
---------------+---------+---------+---------+---------+
               | Src:Rise| Src:Fall| Src:Rise| Src:Fall|
Source Clock   |Dest:Rise|Dest:Rise|Dest:Fall|Dest:Fall|
---------------+---------+---------+---------+---------+
Clk            |         |         |    2.063|         |
---------------+---------+---------+---------+---------+

Clock to Setup on destination clock U3/Mram__n00568
---------------+---------+---------+---------+---------+
               | Src:Rise| Src:Fall| Src:Rise| Src:Fall|
Source Clock   |Dest:Rise|Dest:Rise|Dest:Fall|Dest:Fall|
---------------+---------+---------+---------+---------+
Clk            |         |         |    3.512|         |
---------------+---------+---------+---------+---------+

=========================================================================


Total REAL time to Xst completion: 6.00 secs
Total CPU time to Xst completion: 5.84 secs
 
--> 

Total memory usage is 258524 kilobytes

Number of errors   :    0 (   0 filtered)
Number of warnings :   28 (   0 filtered)
Number of infos    :    4 (   0 filtered)

